


materialPath: F:\SteamLibrary\steamapps\common\GarrysMod\garrysmod\materials
Loading c:\users\g4tyl\documents\github\zpsmaprepo\cabinmaps\zs_cabin_dfr_v5b.vmf
ConVarRef mat_reduceparticles doesn't point to an existing ConVar
Can't find surfaceprop tiles for material ZPCUSTOMMATERIALS/FLOOR/ZPS_FLOORTILES003_GAR, using default
Patching WVT material: maps/zs_cabin_dfr_v5b/harvest/slimz/blend_rockgrass01_tool_wvt_patch
Patching WVT material: maps/zs_cabin_dfr_v5b/necrotales/blendgrassgravel001a_nodetail_wvt_patch
fixing up env_cubemap materials on brush sides...
0...1...2...3...4...5...6...7...8...9...100...1...2...3...4...5...6...7...8...9...10Processing areas...Wrote c:\users\g4tyl\documents\github\zpsmaprepo\cabinmaps\zs_cabin_dfr_v5b.lin
Areaportal leak ! File: c:\users\g4tyl\documents\github\zpsmaprepo\cabinmaps\zs_cabin_dfr_v5b.lin 
Brush 16697: areaportal brush doesn't touch two areas

Brush 455019: areaportal brush doesn't touch two areas

Brush 16697: areaportal brush doesn't touch two areas

Brush 9650: areaportal brush doesn't touch two areas

Brush 450024: areaportal brush doesn't touch two areas

Brush 449764: areaportal brush doesn't touch two areas

Brush 450024: areaportal brush doesn't touch two areas

Brush 449778: areaportal brush doesn't touch two areas

Brush 450024: areaportal brush doesn't touch two areas

Brush 450024: areaportal brush doesn't touch two areas

Brush 450024: areaportal brush doesn't touch two areas
done (0)
Building Faces...done (0)
Chop Details...done (0)
Find Visible Detail Sides...
Merged 2098 detail faces...done (1)
Merging details...done (0)
FixTjuncs...
PruneNodes...
WriteBSP...
done (1)
writing c:\users\g4tyl\documents\github\zpsmaprepo\cabinmaps\zs_cabin_dfr_v5b.prt...Building visibility clusters...
done (0)
Can't load skybox file skybox/stars01 to build the default cubemap!
Can't load skybox file skybox/stars01 to build the default cubemap!
Finding displacement neighbors...
Finding lightmap sample positions...
Displacement Alpha : 0...1...2...3...4...5...6...7...8...9...10
Building Physics collision data...
done (1) (1698210 bytes)
Error! prop_static using model "models/props_c17/furniturebathtub001a.mdl", which must be used on a dynamic entity (i.e. prop_physics). Deleted.
Error loading studio model STATIC "models/props_c17/furniturebathtub001a.mdl"!
Placing detail props : 0...1...2...3...4...5...6...7...8...9...10
Compacting texture/material tables...
Reduced 15102 texinfos to 7178
Reduced 547 texdatas to 485 (25837 bytes to 23701)
Writing c:\users\g4tyl\documents\github\zpsmaprepo\cabinmaps\zs_cabin_dfr_v5b.bsp
6 seconds elapsed



16 threads
reading c:\users\g4tyl\documents\github\zpsmaprepo\cabinmaps\zs_cabin_dfr_v5b.bsp
reading c:\users\g4tyl\documents\github\zpsmaprepo\cabinmaps\zs_cabin_dfr_v5b.prt
 817 portalclusters
2398 numportals
0...1...2...3...4...5...6...7...8...9...10Optimized: 23775 visible clusters (4.22%)
Total clusters visible: 562846
Average clusters visible: 688
Building PAS...
Average clusters audible: 812
visdatasize:173412  compressed from 169936
writing c:\users\g4tyl\documents\github\zpsmaprepo\cabinmaps\zs_cabin_dfr_v5b.bsp
0 seconds elapsed



[Reading texlights from 'lights.rad']
[45 texlights parsed from 'lights.rad']

Loading c:\users\g4tyl\documents\github\zpsmaprepo\cabinmaps\zs_cabin_dfr_v5b.bsp
PREP OK
15787 faces
60 degenerate faces
381787 square feet [54977416.00 square inches]
219 Displacements
67299 Square Feet [9691172.00 Square Inches]
15727 patches before subdivision
71905 patches after subdivision
94 direct lights
0...1...2...3...4...5...6...7...8...9...100...1...2...3...4...5...6...7...8...9...10transfers 9920646, max 1333
transfer lists:  75.7 megs
0...1...2...3...4...5...6...7...8...9...10	Bounce #1 added RGB(90046, 65098, 33016)
0...1...2...3...4...5...6...7...8...9...10	Bounce #2 added RGB(19498, 12951, 5617)
Build Patch/Sample Hash Table(s).....Done<0.0112 sec>
0...1...2...3...4...5...6...7...8...9...10FinalLightFace Done
Computing detail prop lighting : 0...1...2...3...4...5...6...7...8...9...10
0 of 0 (0% of) surface lights went in leaf ambient cubes.
0...1...2...3...4...5...6...7...8...9...10Writing leaf ambient...done
Ready to Finish

Object names       Objects/Maxobjs  Memory / Maxmem  Fullness 
------------       ---------------  ---------------  -------- 
models                 155/4096         7440/196608   ( 3.8%) 
brushes               4054/16384       48648/196608   (24.7%) 
brushsides           36927/65536      295416/524288   (56.3%) 
planes               29046/65536      580920/1310720  (44.3%) 
vertexes             28358/65536      340296/786432   (43.3%) 
nodes                 2792/65536       89344/2097152  ( 4.3%) 
texinfos              7178/12288      516816/884736   (58.4%) 
texdata                485/2048        15520/65536    (23.7%) 
dispinfos              219/0           38544/0        ( 0.0%) 
disp_verts            7491/0          149820/0        ( 0.0%) 
disp_tris            10464/0           20928/0        ( 0.0%) 
disp_lmsamples      190960/0          190960/0        ( 0.0%) 
faces                15787/65536      884072/3670016  (24.1%) 
hdr faces                0/65536           0/3670016  ( 0.0%) 
origfaces            14223/65536      796488/3670016  (21.7%) 
leaves                2948/65536       94336/2097152  ( 4.5%) 
leaffaces            19740/65536       39480/131072   (30.1%) 
leafbrushes           6755/65536       13510/131072   (10.3%) 
areas                   16/1024          128/8192     ( 1.6%) 
surfedges           134219/512000     536876/2048000  (26.2%) 
edges                85139/256000     340556/1024000  (33.3%) 
LDR worldlights         94/8192         8272/720896   ( 1.1%) 
HDR worldlights          0/8192            0/720896   ( 0.0%) 
leafwaterdata            2/32768          24/393216   ( 0.0%) 
waterstrips           1679/32768       16790/327680   ( 5.1%) 
waterverts               0/65536           0/786432   ( 0.0%) 
waterindices         37224/65536       74448/131072   (56.8%) 
cubemapsamples          53/1024          848/16384    ( 5.2%) 
overlays                30/512         10560/180224   ( 5.9%) 
LDR lightdata         [variable]     4776208/0        ( 0.0%) 
HDR lightdata         [variable]           0/0        ( 0.0%) 
visdata               [variable]      173412/16777216 ( 1.0%) 
entdata               [variable]      282962/393216   (72.0%) 
LDR ambient table     2948/65536       11792/262144   ( 4.5%) 
HDR ambient table     2948/65536       11792/262144   ( 4.5%) 
LDR leaf ambient      7907/65536      221396/1835008  (12.1%) 
HDR leaf ambient      2948/65536       82544/1835008  ( 4.5%) 
occluders                0/0               0/0        ( 0.0%) 
occluder polygons        0/0               0/0        ( 0.0%) 
occluder vert ind        0/0               0/0        ( 0.0%) 
detail props          [variable]           1/144764   ( 0.0%) 
dtl prp lght          [variable]           1/4        (25.0%) 
HDR dtl prp lght      [variable]           1/4        (25.0%) 
static props          [variable]           1/50538    ( 0.0%) 
pakfile               [variable]      123424/0        ( 0.0%) 
physics               [variable]     1698210/4194304  (40.5%) 
physics terrain       [variable]       40911/1048576  ( 3.9%) 

Level flags = 0

Total triangle count: 45254
Writing c:\users\g4tyl\documents\github\zpsmaprepo\cabinmaps\zs_cabin_dfr_v5b.bsp
15 seconds elapsed



materialPath: F:\SteamLibrary\steamapps\common\GarrysMod\garrysmod\materials
Loading c:\users\g4tyl\documents\github\zpsmaprepo\cabinmaps\zs_cabin_dfr_v5b.vmf
ConVarRef mat_reduceparticles doesn't point to an existing ConVar
Can't find surfaceprop tiles for material ZPCUSTOMMATERIALS/FLOOR/ZPS_FLOORTILES003_GAR, using default
Patching WVT material: maps/zs_cabin_dfr_v5b/harvest/slimz/blend_rockgrass01_tool_wvt_patch
Patching WVT material: maps/zs_cabin_dfr_v5b/necrotales/blendgrassgravel001a_nodetail_wvt_patch
fixing up env_cubemap materials on brush sides...
0...1...2...3...4...5...6...7...8...9...100...1...2...3...4...5...6...7...8...9...10Processing areas...done (0)
Building Faces...done (0)
Chop Details...done (0)
Find Visible Detail Sides...
Merged 2072 detail faces...done (1)
Merging details...done (0)
FixTjuncs...
PruneNodes...
WriteBSP...
done (1)
writing c:\users\g4tyl\documents\github\zpsmaprepo\cabinmaps\zs_cabin_dfr_v5b.prt...Building visibility clusters...
done (0)
Can't load skybox file skybox/stars01 to build the default cubemap!
Can't load skybox file skybox/stars01 to build the default cubemap!
Finding displacement neighbors...
Finding lightmap sample positions...
Displacement Alpha : 0...1...2...3...4...5...6...7...8...9...10
Building Physics collision data...
done (1) (1696632 bytes)
Error! prop_static using model "models/props_c17/furniturebathtub001a.mdl", which must be used on a dynamic entity (i.e. prop_physics). Deleted.
Error loading studio model STATIC "models/props_c17/furniturebathtub001a.mdl"!
Placing detail props : 0...1...2...3...4...5...6...7...8...9...10
Compacting texture/material tables...
Reduced 15059 texinfos to 7177
Reduced 544 texdatas to 482 (25663 bytes to 23527)
Writing c:\users\g4tyl\documents\github\zpsmaprepo\cabinmaps\zs_cabin_dfr_v5b.bsp
6 seconds elapsed



16 threads
reading c:\users\g4tyl\documents\github\zpsmaprepo\cabinmaps\zs_cabin_dfr_v5b.bsp
reading c:\users\g4tyl\documents\github\zpsmaprepo\cabinmaps\zs_cabin_dfr_v5b.prt
 746 portalclusters
2119 numportals
0...1...2...3...4...5...6...7...8...9...10Optimized: 25615 visible clusters (5.98%)
Total clusters visible: 428133
Average clusters visible: 573
Building PAS...
Average clusters audible: 738
visdatasize:143411  compressed from 143232
writing c:\users\g4tyl\documents\github\zpsmaprepo\cabinmaps\zs_cabin_dfr_v5b.bsp
0 seconds elapsed



[Reading texlights from 'lights.rad']
[45 texlights parsed from 'lights.rad']

Loading c:\users\g4tyl\documents\github\zpsmaprepo\cabinmaps\zs_cabin_dfr_v5b.bsp
PREP OK
15786 faces
60 degenerate faces
381765 square feet [54974264.00 square inches]
219 Displacements
67299 Square Feet [9691172.00 Square Inches]
15726 patches before subdivision
72206 patches after subdivision
94 direct lights
0...1...2...3...4...5...6...7...8...9...100...1...2...3...4...5...6...7...8...9...10transfers 9938248, max 1326
transfer lists:  75.8 megs
0...1...2...3...4...5...6...7...8...9...10	Bounce #1 added RGB(90242, 65193, 33043)
0...1...2...3...4...5...6...7...8...9...10	Bounce #2 added RGB(19503, 12947, 5605)
Build Patch/Sample Hash Table(s).....Done<0.0116 sec>
0...1...2...3...4...5...6...7...8...9...10FinalLightFace Done
Computing detail prop lighting : 0...1...2...3...4...5...6...7...8...9...10
0 of 0 (0% of) surface lights went in leaf ambient cubes.
0...1...2...3...4...5...6...7...8...9...10Writing leaf ambient...done
Ready to Finish

Object names       Objects/Maxobjs  Memory / Maxmem  Fullness 
------------       ---------------  ---------------  -------- 
models                 146/4096         7008/196608   ( 3.6%) 
brushes               4054/16384       48648/196608   (24.7%) 
brushsides           36925/65536      295400/524288   (56.3%) 
planes               29046/65536      580920/1310720  (44.3%) 
vertexes             28355/65536      340260/786432   (43.3%) 
nodes                 2660/65536       85120/2097152  ( 4.1%) 
texinfos              7177/12288      516744/884736   (58.4%) 
texdata                482/2048        15424/65536    (23.5%) 
dispinfos              219/0           38544/0        ( 0.0%) 
disp_verts            7491/0          149820/0        ( 0.0%) 
disp_tris            10464/0           20928/0        ( 0.0%) 
disp_lmsamples      190960/0          190960/0        ( 0.0%) 
faces                15786/65536      884016/3670016  (24.1%) 
hdr faces                0/65536           0/3670016  ( 0.0%) 
origfaces            14218/65536      796208/3670016  (21.7%) 
leaves                2807/65536       89824/2097152  ( 4.3%) 
leaffaces            18759/65536       37518/131072   (28.6%) 
leafbrushes           6329/65536       12658/131072   ( 9.7%) 
areas                   20/1024          160/8192     ( 2.0%) 
surfedges           134281/512000     537124/2048000  (26.2%) 
edges                85055/256000     340220/1024000  (33.2%) 
LDR worldlights         94/8192         8272/720896   ( 1.1%) 
HDR worldlights          0/8192            0/720896   ( 0.0%) 
leafwaterdata            2/32768          24/393216   ( 0.0%) 
waterstrips           1682/32768       16820/327680   ( 5.1%) 
waterverts               0/65536           0/786432   ( 0.0%) 
waterindices         37437/65536       74874/131072   (57.1%) 
cubemapsamples          52/1024          832/16384    ( 5.1%) 
overlays                30/512         10560/180224   ( 5.9%) 
LDR lightdata         [variable]     4779708/0        ( 0.0%) 
HDR lightdata         [variable]           0/0        ( 0.0%) 
visdata               [variable]      143411/16777216 ( 0.9%) 
entdata               [variable]      278055/393216   (70.7%) 
LDR ambient table     2807/65536       11228/262144   ( 4.3%) 
HDR ambient table     2807/65536       11228/262144   ( 4.3%) 
LDR leaf ambient      7222/65536      202216/1835008  (11.0%) 
HDR leaf ambient      2807/65536       78596/1835008  ( 4.3%) 
occluders                0/0               0/0        ( 0.0%) 
occluder polygons        0/0               0/0        ( 0.0%) 
occluder vert ind        0/0               0/0        ( 0.0%) 
detail props          [variable]           1/144764   ( 0.0%) 
dtl prp lght          [variable]           1/4        (25.0%) 
HDR dtl prp lght      [variable]           1/4        (25.0%) 
static props          [variable]           1/50480    ( 0.0%) 
pakfile               [variable]      122353/0        ( 0.0%) 
physics               [variable]     1696632/4194304  (40.5%) 
physics terrain       [variable]       40911/1048576  ( 3.9%) 

Level flags = 0

Total triangle count: 45338
Writing c:\users\g4tyl\documents\github\zpsmaprepo\cabinmaps\zs_cabin_dfr_v5b.bsp
19 seconds elapsed



materialPath: F:\SteamLibrary\steamapps\common\GarrysMod\garrysmod\materials
Loading c:\users\g4tyl\documents\github\zpsmaprepo\cabinmaps\zs_cabin_dfr_v5b.vmf
ConVarRef mat_reduceparticles doesn't point to an existing ConVar
Can't find surfaceprop tiles for material ZPCUSTOMMATERIALS/FLOOR/ZPS_FLOORTILES003_GAR, using default
Patching WVT material: maps/zs_cabin_dfr_v5b/harvest/slimz/blend_rockgrass01_tool_wvt_patch
Patching WVT material: maps/zs_cabin_dfr_v5b/necrotales/blendgrassgravel001a_nodetail_wvt_patch
fixing up env_cubemap materials on brush sides...
0...1...2...3...4...5...6...7...8...9...100...1...2...3...4...5...6...7...8...9...10Processing areas...done (0)
Building Faces...done (0)
Chop Details...done (0)
Find Visible Detail Sides...
Merged 2072 detail faces...done (1)
Merging details...done (0)
FixTjuncs...
PruneNodes...
WriteBSP...
done (1)
writing c:\users\g4tyl\documents\github\zpsmaprepo\cabinmaps\zs_cabin_dfr_v5b.prt...Building visibility clusters...
done (0)
Can't load skybox file skybox/stars01 to build the default cubemap!
Can't load skybox file skybox/stars01 to build the default cubemap!
Finding displacement neighbors...
Finding lightmap sample positions...
Displacement Alpha : 0...1...2...3...4...5...6...7...8...9...10
Building Physics collision data...
done (1) (1696632 bytes)
Error! prop_static using model "models/props_c17/furniturebathtub001a.mdl", which must be used on a dynamic entity (i.e. prop_physics). Deleted.
Error loading studio model STATIC "models/props_c17/furniturebathtub001a.mdl"!
Placing detail props : 0...1...2...3...4...5...6...7...8...9...10
Compacting texture/material tables...
Reduced 15059 texinfos to 7177
Reduced 544 texdatas to 482 (25663 bytes to 23527)
Writing c:\users\g4tyl\documents\github\zpsmaprepo\cabinmaps\zs_cabin_dfr_v5b.bsp
6 seconds elapsed



16 threads
reading c:\users\g4tyl\documents\github\zpsmaprepo\cabinmaps\zs_cabin_dfr_v5b.bsp
reading c:\users\g4tyl\documents\github\zpsmaprepo\cabinmaps\zs_cabin_dfr_v5b.prt
 746 portalclusters
2119 numportals
0...1...2...3...4...5...6...7...8...9...100...1...2...3...4...5...6...7...8...9...10Optimized: 1119 visible clusters (0.44%)
Total clusters visible: 252587
Average clusters visible: 338
Building PAS...
Average clusters audible: 661
visdatasize:135277  compressed from 143232
writing c:\users\g4tyl\documents\github\zpsmaprepo\cabinmaps\zs_cabin_dfr_v5b.bsp
33 seconds elapsed



[Reading texlights from 'lights.rad']
[45 texlights parsed from 'lights.rad']

Loading c:\users\g4tyl\documents\github\zpsmaprepo\cabinmaps\zs_cabin_dfr_v5b.bsp
PREP OK
15786 faces
60 degenerate faces
381765 square feet [54974264.00 square inches]
219 Displacements
67299 Square Feet [9691172.00 Square Inches]
15726 patches before subdivision
72206 patches after subdivision
94 direct lights
0...1...2...3...4...5...6...7...8...9...100...1...2...3...4...5...6...7...8...9...10transfers 9938243, max 1326
transfer lists:  75.8 megs
0...1...2...3...4...5...6...7...8...9...10	Bounce #1 added RGB(88410, 63599, 32069)
0...1...2...3...4...5...6...7...8...9...10	Bounce #2 added RGB(19267, 12675, 5408)
0...1...2...3...4...5...6...7...8...9...10	Bounce #3 added RGB(5044, 3271, 1128)
0...1...2...3...4...5...6...7...8...9...10	Bounce #4 added RGB(1495, 998, 277)
0...1...2...3...4...5...6...7...8...9...10	Bounce #5 added RGB(512, 362, 80)
0...1...2...3...4...5...6...7...8...9...10	Bounce #6 added RGB(196, 148, 26)
0...1...2...3...4...5...6...7...8...9...10	Bounce #7 added RGB(83, 66, 9)
0...1...2...3...4...5...6...7...8...9...10	Bounce #8 added RGB(38, 32, 4)
0...1...2...3...4...5...6...7...8...9...10	Bounce #9 added RGB(18, 16, 1)
0...1...2...3...4...5...6...7...8...9...10	Bounce #10 added RGB(9, 8, 1)
0...1...2...3...4...5...6...7...8...9...10	Bounce #11 added RGB(5, 4, 0)
0...1...2...3...4...5...6...7...8...9...10	Bounce #12 added RGB(2, 2, 0)
0...1...2...3...4...5...6...7...8...9...10	Bounce #13 added RGB(1, 1, 0)
0...1...2...3...4...5...6...7...8...9...10	Bounce #14 added RGB(1, 1, 0)
Build Patch/Sample Hash Table(s).....Done<0.0122 sec>
0...1...2...3...4...5...6...7...8...9...10FinalLightFace Done
Computing detail prop lighting : 0...1...2...3...4...5...6...7...8...9...10
0 of 0 (0% of) surface lights went in leaf ambient cubes.
0...1...2...3...4...5...6...7...8...9...10Writing leaf ambient...done
Ready to Finish

Object names       Objects/Maxobjs  Memory / Maxmem  Fullness 
------------       ---------------  ---------------  -------- 
models                 146/4096         7008/196608   ( 3.6%) 
brushes               4054/16384       48648/196608   (24.7%) 
brushsides           36925/65536      295400/524288   (56.3%) 
planes               29046/65536      580920/1310720  (44.3%) 
vertexes             28355/65536      340260/786432   (43.3%) 
nodes                 2660/65536       85120/2097152  ( 4.1%) 
texinfos              7177/12288      516744/884736   (58.4%) 
texdata                482/2048        15424/65536    (23.5%) 
dispinfos              219/0           38544/0        ( 0.0%) 
disp_verts            7491/0          149820/0        ( 0.0%) 
disp_tris            10464/0           20928/0        ( 0.0%) 
disp_lmsamples      190960/0          190960/0        ( 0.0%) 
faces                15786/65536      884016/3670016  (24.1%) 
hdr faces                0/65536           0/3670016  ( 0.0%) 
origfaces            14218/65536      796208/3670016  (21.7%) 
leaves                2807/65536       89824/2097152  ( 4.3%) 
leaffaces            18759/65536       37518/131072   (28.6%) 
leafbrushes           6329/65536       12658/131072   ( 9.7%) 
areas                   20/1024          160/8192     ( 2.0%) 
surfedges           134281/512000     537124/2048000  (26.2%) 
edges                85055/256000     340220/1024000  (33.2%) 
LDR worldlights         94/8192         8272/720896   ( 1.1%) 
HDR worldlights          0/8192            0/720896   ( 0.0%) 
leafwaterdata            2/32768          24/393216   ( 0.0%) 
waterstrips           1682/32768       16820/327680   ( 5.1%) 
waterverts               0/65536           0/786432   ( 0.0%) 
waterindices         37437/65536       74874/131072   (57.1%) 
cubemapsamples          52/1024          832/16384    ( 5.1%) 
overlays                30/512         10560/180224   ( 5.9%) 
LDR lightdata         [variable]     4779708/0        ( 0.0%) 
HDR lightdata         [variable]           0/0        ( 0.0%) 
visdata               [variable]      135277/16777216 ( 0.8%) 
entdata               [variable]      278055/393216   (70.7%) 
LDR ambient table     2807/65536       11228/262144   ( 4.3%) 
HDR ambient table     2807/65536       11228/262144   ( 4.3%) 
LDR leaf ambient      7233/65536      202524/1835008  (11.0%) 
HDR leaf ambient      2807/65536       78596/1835008  ( 4.3%) 
occluders                0/0               0/0        ( 0.0%) 
occluder polygons        0/0               0/0        ( 0.0%) 
occluder vert ind        0/0               0/0        ( 0.0%) 
detail props          [variable]           1/144764   ( 0.0%) 
dtl prp lght          [variable]           1/4        (25.0%) 
HDR dtl prp lght      [variable]           1/4        (25.0%) 
static props          [variable]           1/50480    ( 0.0%) 
pakfile               [variable]      122353/0        ( 0.0%) 
physics               [variable]     1696632/4194304  (40.5%) 
physics terrain       [variable]       40911/1048576  ( 3.9%) 

Level flags = 0

Total triangle count: 45338
Writing c:\users\g4tyl\documents\github\zpsmaprepo\cabinmaps\zs_cabin_dfr_v5b.bsp
36 seconds elapsed



[Reading texlights from 'lights.rad']
[45 texlights parsed from 'lights.rad']

Loading c:\users\g4tyl\documents\github\zpsmaprepo\cabinmaps\zs_cabin_dfr_v5b.bsp
PREP OK
15786 faces
60 degenerate faces
381765 square feet [54974264.00 square inches]
219 Displacements
67299 Square Feet [9691172.00 Square Inches]
15726 patches before subdivision
72206 patches after subdivision
94 direct lights
0...1...2...3...4...5...6...7...8...9...100...1...2...3...4...5...6...7...8...9...10transfers 9938243, max 1326
transfer lists:  75.8 megs
0...1...2...3...4...5...6...7...8...9...10	Bounce #1 added RGB(81917, 57801, 23446)
0...1...2...3...4...5...6...7...8...9...10	Bounce #2 added RGB(18192, 11760, 4147)
0...1...2...3...4...5...6...7...8...9...10	Bounce #3 added RGB(4857, 3117, 931)
0...1...2...3...4...5...6...7...8...9...10	Bounce #4 added RGB(1461, 971, 245)
0...1...2...3...4...5...6...7...8...9...10	Bounce #5 added RGB(505, 357, 74)
0...1...2...3...4...5...6...7...8...9...10	Bounce #6 added RGB(195, 147, 25)
0...1...2...3...4...5...6...7...8...9...10	Bounce #7 added RGB(82, 66, 9)
0...1...2...3...4...5...6...7...8...9...10	Bounce #8 added RGB(37, 32, 4)
0...1...2...3...4...5...6...7...8...9...10	Bounce #9 added RGB(18, 16, 1)
0...1...2...3...4...5...6...7...8...9...10	Bounce #10 added RGB(9, 8, 1)
0...1...2...3...4...5...6...7...8...9...10	Bounce #11 added RGB(5, 4, 0)
0...1...2...3...4...5...6...7...8...9...10	Bounce #12 added RGB(2, 2, 0)
0...1...2...3...4...5...6...7...8...9...10	Bounce #13 added RGB(1, 1, 0)
0...1...2...3...4...5...6...7...8...9...10	Bounce #14 added RGB(1, 1, 0)
Build Patch/Sample Hash Table(s).....Done<0.0167 sec>
0...1...2...3...4...5...6...7...8...9...10FinalLightFace Done
Computing detail prop lighting : 0...1...2...3...4...5...6...7...8...9...10
0 of 0 (0% of) surface lights went in leaf ambient cubes.
0...1...2...3...4...5...6...7...8...9...10Writing leaf ambient...done
Ready to Finish

Object names       Objects/Maxobjs  Memory / Maxmem  Fullness 
------------       ---------------  ---------------  -------- 
models                 146/4096         7008/196608   ( 3.6%) 
brushes               4054/16384       48648/196608   (24.7%) 
brushsides           36925/65536      295400/524288   (56.3%) 
planes               29046/65536      580920/1310720  (44.3%) 
vertexes             28355/65536      340260/786432   (43.3%) 
nodes                 2660/65536       85120/2097152  ( 4.1%) 
texinfos              7177/12288      516744/884736   (58.4%) 
texdata                482/2048        15424/65536    (23.5%) 
dispinfos              219/0           38544/0        ( 0.0%) 
disp_verts            7491/0          149820/0        ( 0.0%) 
disp_tris            10464/0           20928/0        ( 0.0%) 
disp_lmsamples      190960/0          190960/0        ( 0.0%) 
faces                15786/65536      884016/3670016  (24.1%) 
hdr faces            15786/65536      884016/3670016  (24.1%) 
origfaces            14218/65536      796208/3670016  (21.7%) 
leaves                2807/65536       89824/2097152  ( 4.3%) 
leaffaces            18759/65536       37518/131072   (28.6%) 
leafbrushes           6329/65536       12658/131072   ( 9.7%) 
areas                   20/1024          160/8192     ( 2.0%) 
surfedges           134281/512000     537124/2048000  (26.2%) 
edges                85055/256000     340220/1024000  (33.2%) 
LDR worldlights         94/8192         8272/720896   ( 1.1%) 
HDR worldlights         94/8192         8272/720896   ( 1.1%) 
leafwaterdata            2/32768          24/393216   ( 0.0%) 
waterstrips           1682/32768       16820/327680   ( 5.1%) 
waterverts               0/65536           0/786432   ( 0.0%) 
waterindices         37437/65536       74874/131072   (57.1%) 
cubemapsamples          52/1024          832/16384    ( 5.1%) 
overlays                30/512         10560/180224   ( 5.9%) 
LDR lightdata         [variable]     4779708/0        ( 0.0%) 
HDR lightdata         [variable]     4779708/0        ( 0.0%) 
visdata               [variable]      135277/16777216 ( 0.8%) 
entdata               [variable]      278055/393216   (70.7%) 
LDR ambient table     2807/65536       11228/262144   ( 4.3%) 
HDR ambient table     2807/65536       11228/262144   ( 4.3%) 
LDR leaf ambient      7233/65536      202524/1835008  (11.0%) 
HDR leaf ambient      7092/65536      198576/1835008  (10.8%) 
occluders                0/0               0/0        ( 0.0%) 
occluder polygons        0/0               0/0        ( 0.0%) 
occluder vert ind        0/0               0/0        ( 0.0%) 
detail props          [variable]           1/144764   ( 0.0%) 
dtl prp lght          [variable]           1/4        (25.0%) 
HDR dtl prp lght      [variable]           1/4        (25.0%) 
static props          [variable]           1/50480    ( 0.0%) 
pakfile               [variable]      122353/0        ( 0.0%) 
physics               [variable]     1696632/4194304  (40.5%) 
physics terrain       [variable]       40911/1048576  ( 3.9%) 

Level flags = 0

Total triangle count: 45338
Writing c:\users\g4tyl\documents\github\zpsmaprepo\cabinmaps\zs_cabin_dfr_v5b.bsp
36 seconds elapsed
